开始导出模式[DAM].....
导出第 1 个SEQUENCE： SEQ_TEST_CACHE
----- 共导出 1 个SEQUENCE ----- 

----- 共导出 0 个VIEW ----- 

----- 共导出 0 个TRIGGER ----- 

----- 共导出 0 个COMMENT VIEW ----- 

----- 共导出 0 个COMMENT COL ----- 

----- 共导出 0 个PROCEDURE ----- 

----- 共导出 0 个SYNONYM ----- 

----- 共导出 0 个DBLINK ----- 

----- 共导出 0 个TRIGGER ----- 

----- 共导出 0 个PACKAGE ----- 

----- 共导出 0 个PKG_BODY ----- 

----- 共导出 0 个OBJECT of NO REFER OTHER CLASS ----- 

----- 共导出 0 个OBJECT of REFER OTHER CLASS ----- 

----- 共导出 0 个JCLASS ----- 

----- 共导出 0 个CLASS_BODY ----- 

----- 共导出 0 个DOMAIN ----- 

导出模式下的对象权限...


----- [2026-04-27 09:41:08]导出表：DEMO -----

导入/出 DEMO 注释
导出约束：SYS_C0025271 

导出模式下的对象权限...

表DEMO导出结束，共导出 96 行数据


----- [2026-04-27 09:41:08]导出表：JEECG_MONTHLY_GROWTH_ANALYSIS -----

导出约束：SYS_C0025274 

导出模式下的对象权限...

表JEECG_MONTHLY_GROWTH_ANALYSIS导出结束，共导出 168 行数据


----- [2026-04-27 09:41:08]导出表：JEECG_ORDER_CUSTOMER -----

导出约束：SYS_C0025275 

导出约束：SYS_C0025276 

导出约束：SYS_C0025277 

导出模式下的对象权限...

表JEECG_ORDER_CUSTOMER导出结束，共导出 434 行数据


----- [2026-04-27 09:41:08]导出表：JEECG_ORDER_MAIN -----

导出约束：SYS_C0025278 

导出模式下的对象权限...

表JEECG_ORDER_MAIN导出结束，共导出 98 行数据


----- [2026-04-27 09:41:08]导出表：JEECG_ORDER_TICKET -----

导出约束：SYS_C0025279 

导出约束：SYS_C0025280 

导出约束：SYS_C0025281 

导出模式下的对象权限...

表JEECG_ORDER_TICKET导出结束，共导出 322 行数据


----- [2026-04-27 09:41:08]导出表：JEECG_PROJECT_NATURE_INCOME -----

导出约束：SYS_C0025282 

导出约束：SYS_C0025283 

导出模式下的对象权限...

表JEECG_PROJECT_NATURE_INCOME导出结束，共导出 56 行数据


----- [2026-04-27 09:41:08]导出表：JIMU_DICT -----

导出索引：UK_SD_DICT_CODE 

导出约束：SYS_C0025284 

导出约束：SYS_C0025285 

导出约束：SYS_C0025286 

导出模式下的对象权限...

表JIMU_DICT导出结束，共导出 41 行数据


----- [2026-04-27 09:41:08]导出表：JIMU_DICT_ITEM -----

导出索引：IDX_SDI_STATUS 

导出索引：IDX_SDI_ROLE_SORT_ORDER 

导出索引：IDX_SDI_ROLE_DICT_ID 

导出索引：IDX_SDI_DICT_VAL 

导出约束：SYS_C0025287 

导出约束：SYS_C0025288 

导出约束：SYS_C0025289 

导出模式下的对象权限...

表JIMU_DICT_ITEM导出结束，共导出 854 行数据


----- [2026-04-27 09:41:08]导出表：JIMU_REPORT -----

导出索引：UNIQ_JMREPORT_DELFLAG 

导出索引：UNIQ_JMREPORT_CREATEBY 

导出索引：UNIQ_JMREPORT_CODE 

导出约束：SYS_C0025290 

导出模式下的对象权限...

表JIMU_REPORT导出结束，共导出 40 行数据


----- [2026-04-27 09:41:08]导出表：JIMU_REPORT_DATA_SOURCE -----

导出索引：IDX_JMDATASOURCE_REPORT_ID 

导出索引：IDX_JMDATASOURCE_CODE 

导出约束：SYS_C0025291 

导出模式下的对象权限...

表JIMU_REPORT_DATA_SOURCE导出结束，共导出 27 行数据


----- [2026-04-27 09:41:08]导出表：JIMU_REPORT_DB -----

导出索引：IDX_JMREPORTDB_DB_KEY 

导出索引：IDX_JIMU_REPORT_ID 

导出索引：IDX_DB_SOURCE_ID 

导出约束：SYS_C0025292 

导出模式下的对象权限...

表JIMU_REPORT_DB导出结束，共导出 452 行数据


----- [2026-04-27 09:41:08]导出表：JIMU_REPORT_DB_FIELD -----

导出索引：IDX_JRDF_JIMU_REPORT_DB_ID 

导出索引：IDX_DBFIELD_ORDER_NUM 

导出约束：SYS_C0025293 

导出模式下的对象权限...

表JIMU_REPORT_DB_FIELD导出结束，共导出 3994 行数据


----- [2026-04-27 09:41:08]导出表：JIMU_REPORT_DB_PARAM -----

导出索引：IDX_JRDP_JIMU_REPORT_HEAD_ID 

导出约束：SYS_C0025294 

导出约束：SYS_C0025295 

导出约束：SYS_C0025296 

导出模式下的对象权限...

表JIMU_REPORT_DB_PARAM导出结束，共导出 175 行数据


----- [2026-04-27 09:41:08]导出表：JIMU_REPORT_LINK -----

导出索引：UNIQ_LINK_REPORTID 

导出约束：SYS_C0025297 

导出模式下的对象权限...

表JIMU_REPORT_LINK导出结束，共导出 0 行数据


----- [2026-04-27 09:41:08]导出表：JIMU_REPORT_MAP -----

导出索引：UNIQ_JMREPORT_MAP_NAME 

导出约束：SYS_C0025298 

导出模式下的对象权限...

表JIMU_REPORT_MAP导出结束，共导出 0 行数据


----- [2026-04-27 09:41:08]导出表：JIMU_REPORT_SHARE -----

导出约束：SYS_C0025299 

导出模式下的对象权限...

表JIMU_REPORT_SHARE导出结束，共导出 0 行数据


----- [2026-04-27 09:41:08]导出表：JOA_DEMO -----

导出模式下的对象权限...

表JOA_DEMO导出结束，共导出 0 行数据


----- [2026-04-27 09:41:08]导出表：ONL_AUTH_DATA -----

导出约束：SYS_C0025300 

导出模式下的对象权限...

表ONL_AUTH_DATA导出结束，共导出 0 行数据


----- [2026-04-27 09:41:09]导出表：ONL_AUTH_PAGE -----

导出约束：SYS_C0025301 

导出模式下的对象权限...

表ONL_AUTH_PAGE导出结束，共导出 0 行数据


----- [2026-04-27 09:41:09]导出表：ONL_AUTH_RELATION -----

导出约束：SYS_C0025302 

导出模式下的对象权限...

表ONL_AUTH_RELATION导出结束，共导出 0 行数据


----- [2026-04-27 09:41:09]导出表：ONL_CGFORM_BUTTON -----

导出索引：IDX_OCB_ORDER_NUM 

导出索引：IDX_OCB_CGFORM_HEAD_ID 

导出索引：IDX_OCB_BUTTON_STATUS 

导出索引：IDX_OCB_BUTTON_CODE 

导出约束：SYS_C0025303 

导出模式下的对象权限...

表ONL_CGFORM_BUTTON导出结束，共导出 48 行数据


----- [2026-04-27 09:41:09]导出表：ONL_CGFORM_ENHANCE_JAVA -----

导出索引：IDX_OCEJ_BUTTON_CODE 

导出索引：IDX_OCEJ_ACTIVE_STATUS 

导出索引：IDX_EJAVA_CGFORM_HEAD_ID 

导出约束：SYS_C0025304 

导出约束：SYS_C0025305 

导出约束：SYS_C0025306 

导出约束：SYS_C0025307 

导出约束：SYS_C0025308 

导出模式下的对象权限...

表ONL_CGFORM_ENHANCE_JAVA导出结束，共导出 0 行数据


----- [2026-04-27 09:41:09]导出表：ONL_CGFORM_ENHANCE_JS -----

导出索引：IDX_EJS_CGFORM_HEAD_ID 

导出索引：IDX_EJS_CG_JS_TYPE 

导出约束：SYS_C0025309 

导出模式下的对象权限...

表ONL_CGFORM_ENHANCE_JS导出结束，共导出 147 行数据


----- [2026-04-27 09:41:09]导出表：ONL_CGFORM_ENHANCE_SQL -----

导出索引：IDX_OCES_CGFORM_HEAD_ID 

导出约束：SYS_C0025310 

导出模式下的对象权限...

表ONL_CGFORM_ENHANCE_SQL导出结束，共导出 35 行数据


----- [2026-04-27 09:41:09]导出表：ONL_CGFORM_FIELD -----

导出索引：IDX_OCF_CGFORM_HEAD_ID 

导出约束：SYS_C0025311 

导出约束：SYS_C0025312 

导出约束：SYS_C0025313 

导出约束：SYS_C0025314 

导出约束：SYS_C0025315 

导出模式下的对象权限...

表ONL_CGFORM_FIELD导出结束，共导出 3366 行数据


----- [2026-04-27 09:41:09]导出表：ONL_CGFORM_HEAD -----

导出索引：IDX_OCH_TABLE_VERSION 

导出索引：IDX_OCH_TABLE_NAME 

导出索引：IDX_OCH_FORM_TEMPLATE_MOBILE 

导出索引：IDX_OCH_CGFORM_HEAD_ID 

导出约束：SYS_C0025316 

导出约束：SYS_C0025317 

导出约束：SYS_C0025318 

导出约束：SYS_C0025319 

导出约束：SYS_C0025320 

导出约束：SYS_C0025321 

导出约束：SYS_C0025322 

导出约束：SYS_C0025323 

导出约束：SYS_C0025324 

导出模式下的对象权限...

表ONL_CGFORM_HEAD导出结束，共导出 3 行数据


----- [2026-04-27 09:41:09]导出表：ONL_CGFORM_INDEX -----

导出索引：IDX_OCI_CGFORM_HEAD_ID 

导出约束：SYS_C0025325 

导出模式下的对象权限...

表ONL_CGFORM_INDEX导出结束，共导出 0 行数据


----- [2026-04-27 09:41:09]导出表：ONL_CGREPORT_HEAD -----

导出索引：INDEX_ONLINEREPORT_CODE 

导出约束：SYS_C0025326 

导出约束：SYS_C0025327 

导出约束：SYS_C0025328 

导出约束：SYS_C0025329 

导出模式下的对象权限...

表ONL_CGREPORT_HEAD导出结束，共导出 5 行数据


----- [2026-04-27 09:41:09]导出表：ONL_CGREPORT_ITEM -----

导出索引：IDX_OCI_ORDER_NUM 

导出索引：IDX_OCI_IS_SHOW 

导出索引：IDX_OCI_CGRHEAD_ID 

导出约束：SYS_C0025330 

导出约束：SYS_C0025331 

导出约束：SYS_C0025332 

导出模式下的对象权限...

表ONL_CGREPORT_ITEM导出结束，共导出 168 行数据


----- [2026-04-27 09:41:09]导出表：ONL_CGREPORT_PARAM -----

导出索引：IDX_OCP_CGRHEAD_ID 

导出约束：SYS_C0025333 

导出约束：SYS_C0025334 

导出约束：SYS_C0025335 

导出模式下的对象权限...

表ONL_CGREPORT_PARAM导出结束，共导出 6 行数据


----- [2026-04-27 09:41:09]导出表：OSS_FILE -----

导出约束：SYS_C0025336 

导出模式下的对象权限...

表OSS_FILE导出结束，共导出 0 行数据


----- [2026-04-27 09:41:09]导出表：QRTZ_BLOB_TRIGGERS -----

导出约束：QRTZ_BLOB_TRIG_TO_TRIG_FK 

导出约束：SYS_C0025608 

导出约束：SYS_C0025609 

导出约束：SYS_C0025610 

导出模式下的对象权限...

表QRTZ_BLOB_TRIGGERS导出结束，共导出 0 行数据


----- [2026-04-27 09:41:09]导出表：QRTZ_CALENDARS -----

导出约束：SYS_C0025613 

导出约束：SYS_C0025614 

导出约束：SYS_C0025615 

导出模式下的对象权限...

表QRTZ_CALENDARS导出结束，共导出 0 行数据


----- [2026-04-27 09:41:09]导出表：QRTZ_CRON_TRIGGERS -----

导出约束：QRTZ_CRON_TRIG_TO_TRIG_FK 

导出约束：SYS_C0025597 

导出约束：SYS_C0025598 

导出约束：SYS_C0025599 

导出约束：SYS_C0025600 

导出模式下的对象权限...

表QRTZ_CRON_TRIGGERS导出结束，共导出 0 行数据


----- [2026-04-27 09:41:09]导出表：QRTZ_FIRED_TRIGGERS -----

导出索引：IDX_QRTZ_FT_INST_JOB_REQ_RCVRY 

导出索引：IDX_QRTZ_FT_J_G 

导出索引：IDX_QRTZ_FT_TRIG_INST_NAME 

导出索引：IDX_QRTZ_FT_TG 

导出索引：IDX_QRTZ_FT_T_G 

导出索引：IDX_QRTZ_FT_JG 

导出约束：SYS_C0025620 

导出约束：SYS_C0025621 

导出约束：SYS_C0025622 

导出约束：SYS_C0025623 

导出约束：SYS_C0025624 

导出约束：SYS_C0025625 

导出约束：SYS_C0025626 

导出约束：SYS_C0025627 

导出约束：SYS_C0025628 

导出模式下的对象权限...

表QRTZ_FIRED_TRIGGERS导出结束，共导出 0 行数据


----- [2026-04-27 09:41:09]导出表：QRTZ_JOB_DETAILS -----

导出索引：IDX_QRTZ_J_REQ_RECOVERY 

导出索引：IDX_QRTZ_J_GRP 

导出约束：SYS_C0025570 

导出约束：SYS_C0025571 

导出约束：SYS_C0025572 

导出约束：SYS_C0025573 

导出约束：SYS_C0025574 

导出约束：SYS_C0025575 

导出约束：SYS_C0025576 

导出约束：SYS_C0025577 

导出模式下的对象权限...

表QRTZ_JOB_DETAILS导出结束，共导出 0 行数据


----- [2026-04-27 09:41:09]导出表：QRTZ_LOCKS -----

导出约束：SYS_C0025635 

导出约束：SYS_C0025636 

导出模式下的对象权限...

表QRTZ_LOCKS导出结束，共导出 1 行数据


----- [2026-04-27 09:41:09]导出表：QRTZ_PAUSED_TRIGGER_GRPS -----

导出约束：SYS_C0025617 

导出约束：SYS_C0025618 

导出模式下的对象权限...

表QRTZ_PAUSED_TRIGGER_GRPS导出结束，共导出 0 行数据


----- [2026-04-27 09:41:09]导出表：QRTZ_SCHEDULER_STATE -----

导出约束：SYS_C0025630 

导出约束：SYS_C0025631 

导出约束：SYS_C0025632 

导出约束：SYS_C0025633 

导出模式下的对象权限...

表QRTZ_SCHEDULER_STATE导出结束，共导出 0 行数据


----- [2026-04-27 09:41:09]导出表：QRTZ_SIMPLE_TRIGGERS -----

导出约束：QRTZ_SIMPLE_TRIG_TO_TRIG_FK 

导出约束：SYS_C0025589 

导出约束：SYS_C0025590 

导出约束：SYS_C0025591 

导出约束：SYS_C0025592 

导出约束：SYS_C0025593 

导出约束：SYS_C0025594 

导出模式下的对象权限...

表QRTZ_SIMPLE_TRIGGERS导出结束，共导出 0 行数据


----- [2026-04-27 09:41:09]导出表：QRTZ_SIMPROP_TRIGGERS -----

导出约束：QRTZ_SIMPROP_TRIG_TO_TRIG_FK 

导出约束：SYS_C0025603 

导出约束：SYS_C0025604 

导出约束：SYS_C0025605 

导出模式下的对象权限...

表QRTZ_SIMPROP_TRIGGERS导出结束，共导出 0 行数据


----- [2026-04-27 09:41:09]导出表：QRTZ_TRIGGERS -----

导出索引：IDX_QRTZ_T_STATE 

导出索引：IDX_QRTZ_T_NFT_ST_MISFIRE_GRP 

导出索引：IDX_QRTZ_T_NFT_ST_MISFIRE 

导出索引：IDX_QRTZ_T_NFT_ST 

导出索引：IDX_QRTZ_T_NFT_MISFIRE 

导出索引：IDX_QRTZ_T_NEXT_FIRE_TIME 

导出索引：IDX_QRTZ_T_N_STATE 

导出索引：IDX_QRTZ_T_N_G_STATE 

导出索引：IDX_QRTZ_T_JG 

导出索引：IDX_QRTZ_T_J 

导出索引：IDX_QRTZ_T_G 

导出索引：IDX_QRTZ_T_C 

导出约束：SYS_C0025579 

导出约束：SYS_C0025580 

导出约束：SYS_C0025581 

导出约束：SYS_C0025582 

导出约束：SYS_C0025583 

导出约束：SYS_C0025584 

导出约束：SYS_C0025585 

导出约束：SYS_C0025586 

导出模式下的对象权限...

表QRTZ_TRIGGERS导出结束，共导出 0 行数据


----- [2026-04-27 09:41:09]导出表：REP_DEMO_DXTJ -----

导出约束：SYS_C0025389 

导出模式下的对象权限...

表REP_DEMO_DXTJ导出结束，共导出 168 行数据


----- [2026-04-27 09:41:09]导出表：REP_DEMO_EMPLOYEE -----

导出约束：SYS_C0025390 

导出模式下的对象权限...

表REP_DEMO_EMPLOYEE导出结束，共导出 14 行数据


----- [2026-04-27 09:41:09]导出表：REP_DEMO_GONGSI -----

导出约束：SYS_C0025391 

导出约束：SYS_C0025392 

导出约束：SYS_C0025393 

导出约束：SYS_C0025394 

导出约束：SYS_C0025395 

导出约束：SYS_C0025396 

导出约束：SYS_C0025397 

导出模式下的对象权限...

表REP_DEMO_GONGSI导出结束，共导出 14 行数据


----- [2026-04-27 09:41:09]导出表：REP_DEMO_JIANPIAO -----

导出约束：SYS_C0025398 

导出约束：SYS_C0025399 

导出约束：SYS_C0025400 

导出约束：SYS_C0025401 

导出约束：SYS_C0025402 

导出约束：SYS_C0025403 

导出约束：SYS_C0025404 

导出约束：SYS_C0025405 

导出约束：SYS_C0025406 

导出约束：SYS_C0025407 

导出模式下的对象权限...

表REP_DEMO_JIANPIAO导出结束，共导出 602 行数据


----- [2026-04-27 09:41:09]导出表：SYS_ANNOUNCEMENT -----

导出约束：SYS_C0025408 

导出约束：SYS_C0025409 

导出模式下的对象权限...

表SYS_ANNOUNCEMENT导出结束，共导出 11 行数据


----- [2026-04-27 09:41:09]导出表：SYS_ANNOUNCEMENT_SEND -----

导出模式下的对象权限...

表SYS_ANNOUNCEMENT_SEND导出结束，共导出 63 行数据


----- [2026-04-27 09:41:09]导出表：SYS_CATEGORY -----

导出索引：INDEX_CODE 

导出约束：SYS_C0025410 

导出模式下的对象权限...

表SYS_CATEGORY导出结束，共导出 25 行数据


----- [2026-04-27 09:41:09]导出表：SYS_CHECK_RULE -----

导出索引：UK_SCR_RULE_CODE 

导出约束：SYS_C0025411 

导出模式下的对象权限...

表SYS_CHECK_RULE导出结束，共导出 2 行数据


----- [2026-04-27 09:41:09]导出表：SYS_COMMENT -----

导出索引：IDX_TABLE_DATA_ID 

导出约束：SYS_C0025412 

导出约束：SYS_C0025413 

导出约束：SYS_C0025414 

导出约束：SYS_C0025415 

导出模式下的对象权限...

表SYS_COMMENT导出结束，共导出 28 行数据


----- [2026-04-27 09:41:09]导出表：SYS_DATA_LOG -----

导出索引：IDX_SDL_DATA_TABLE_ID 

导出约束：SYS_C0025416 

导出模式下的对象权限...

表SYS_DATA_LOG导出结束，共导出 467 行数据


----- [2026-04-27 09:41:09]导出表：SYS_DATA_SOURCE -----

导出索引：UK_SDC_RULE_CODE 

导出约束：SYS_C0025417 

导出模式下的对象权限...

表SYS_DATA_SOURCE导出结束，共导出 1 行数据


----- [2026-04-27 09:41:10]导出表：SYS_DEPART -----

导出索引：UNIQ_DEPART_ORG_CODE 

导出索引：IDX_SD_PARENT_ID 

导出索引：IDX_SD_DEPART_ORDER 

导出约束：SYS_C0025418 

导出约束：SYS_C0025419 

导出约束：SYS_C0025420 

导出约束：SYS_C0025421 

导出模式下的对象权限...

表SYS_DEPART导出结束，共导出 34 行数据


----- [2026-04-27 09:41:10]导出表：SYS_DEPART_PERMISSION -----

导出约束：SYS_C0025422 

导出模式下的对象权限...

表SYS_DEPART_PERMISSION导出结束，共导出 0 行数据


----- [2026-04-27 09:41:10]导出表：SYS_DEPART_ROLE -----

导出约束：SYS_C0025423 

导出模式下的对象权限...

表SYS_DEPART_ROLE导出结束，共导出 0 行数据


----- [2026-04-27 09:41:10]导出表：SYS_DEPART_ROLE_PERMISSION -----

导出索引：IDX_SDRP_ROLE_PER_ID 

导出索引：IDX_SDRP_ROLE_ID 

导出索引：IDX_SDRP_PER_ID 

导出约束：SYS_C0025424 

导出模式下的对象权限...

表SYS_DEPART_ROLE_PERMISSION导出结束，共导出 0 行数据


----- [2026-04-27 09:41:10]导出表：SYS_DEPART_ROLE_USER -----

导出约束：SYS_C0025425 

导出模式下的对象权限...

表SYS_DEPART_ROLE_USER导出结束，共导出 0 行数据


----- [2026-04-27 09:41:10]导出表：SYS_DICT -----

导出约束：SYS_C0025426 

导出约束：SYS_C0025427 

导出约束：SYS_C0025428 

导出模式下的对象权限...

表SYS_DICT导出结束，共导出 42 行数据


----- [2026-04-27 09:41:10]导出表：SYS_DICT_ITEM -----

导出约束：SYS_C0025429 

导出约束：SYS_C0025430 

导出约束：SYS_C0025431 

导出模式下的对象权限...

表SYS_DICT_ITEM导出结束，共导出 1808 行数据


----- [2026-04-27 09:41:10]导出表：SYS_FILES -----

导出索引：INDEX_TENANT_ID 

导出索引：INDEX_DEL_FLAG 

导出约束：SYS_C0025432 

导出模式下的对象权限...

表SYS_FILES导出结束，共导出 7 行数据


----- [2026-04-27 09:41:10]导出表：SYS_FILL_RULE -----

导出索引：UK_SFR_RULE_CODE 

导出约束：SYS_C0025433 

导出模式下的对象权限...

表SYS_FILL_RULE导出结束，共导出 3 行数据


----- [2026-04-27 09:41:10]导出表：SYS_FORM_FILE -----

导出索引：INDEX_FILE_ID 

导出索引：IDX_TABLE_FORM 

导出约束：SYS_C0025434 

导出约束：SYS_C0025435 

导出约束：SYS_C0025436 

导出模式下的对象权限...

表SYS_FORM_FILE导出结束，共导出 7 行数据


----- [2026-04-27 09:41:10]导出表：SYS_GATEWAY_ROUTE -----

导出约束：SYS_C0025437 

导出模式下的对象权限...

表SYS_GATEWAY_ROUTE导出结束，共导出 28 行数据


----- [2026-04-27 09:41:10]导出表：SYS_LOG -----

导出索引：IDX_SL_USERID 

导出索引：IDX_SL_OPERATE_TYPE 

导出索引：IDX_SL_LOG_TYPE 

导出索引：IDX_SL_CREATE_TIME 

导出约束：SYS_C0025438 

导出模式下的对象权限...

表SYS_LOG导出结束，共导出 28188 行数据


----- [2026-04-27 09:41:10]导出表：sys_permission -----

导出索引：IDX_SP_STATUS 

导出索引：IDX_SP_SORT_NO 

导出索引：IDX_SP_PARENT_ID 

导出索引：IDX_SP_MENU_TYPE 

导出索引：IDX_SP_IS_ROUTE 

导出索引：IDX_SP_IS_LEAF 

导出索引：IDX_SP_HIDDEN 

导出索引：IDX_SP_DEL_FLAG 

导出约束：SYS_C0025439 

导出模式下的对象权限...

表sys_permission导出结束，共导出 44 行数据


----- [2026-04-27 09:41:10]导出表：SYS_PERMISSION_DATA_RULE -----

导出索引：IDX_SPDR_PERMISSION_ID 

导出约束：SYS_C0025440 

导出模式下的对象权限...

表SYS_PERMISSION_DATA_RULE导出结束，共导出 151 行数据


----- [2026-04-27 09:41:10]导出表：sys_permission_v3 -----

导出索引：INDEX_MENU_TYPE 

导出索引：INDEX_MENU_STATUS 

导出索引：INDEX_MENU_HIDDEN 

导出约束：SYS_C0025441 

导出模式下的对象权限...

表sys_permission_v3导出结束，共导出 1380 行数据


----- [2026-04-27 09:41:10]导出表：SYS_POSITION -----

导出索引：UNIQ_CODE 

导出约束：SYS_C0025442 

导出模式下的对象权限...

表SYS_POSITION导出结束，共导出 2 行数据


----- [2026-04-27 09:41:10]导出表：SYS_QUARTZ_JOB -----

导出约束：SYS_C0025443 

导出模式下的对象权限...

表SYS_QUARTZ_JOB导出结束，共导出 21 行数据


----- [2026-04-27 09:41:11]导出表：SYS_ROLE -----

导出索引：UNIQ_SYS_ROLE_ROLE_CODE 

导出约束：SYS_C0025444 

导出约束：SYS_C0025445 

导出模式下的对象权限...

表SYS_ROLE导出结束，共导出 6 行数据


----- [2026-04-27 09:41:11]导出表：SYS_ROLE_INDEX -----

导出约束：SYS_C0025446 

导出模式下的对象权限...

表SYS_ROLE_INDEX导出结束，共导出 7 行数据


----- [2026-04-27 09:41:11]导出表：SYS_ROLE_PERMISSION -----

导出索引：IDX_SRP_ROLE_PER_ID 

导出索引：IDX_SRP_ROLE_ID 

导出索引：IDX_SRP_PERMISSION_ID 

导出约束：SYS_C0025447 

导出模式下的对象权限...

表SYS_ROLE_PERMISSION导出结束，共导出 2121 行数据


----- [2026-04-27 09:41:11]导出表：SYS_SMS -----

导出索引：IDX_SS_ES_TYPE 

导出索引：IDX_SS_ES_SEND_TIME 

导出索引：IDX_SS_ES_SEND_STATUS 

导出索引：IDX_SS_ES_RECEIVER 

导出约束：SYS_C0025448 

导出模式下的对象权限...

表SYS_SMS导出结束，共导出 49 行数据


----- [2026-04-27 09:41:11]导出表：SYS_SMS_TEMPLATE -----

导出索引：UK_SST_TEMPLATE_CODE 

导出约束：SYS_C0025449 

导出约束：SYS_C0025450 

导出约束：SYS_C0025451 

导出约束：SYS_C0025452 

导出模式下的对象权限...

表SYS_SMS_TEMPLATE导出结束，共导出 4 行数据


----- [2026-04-27 09:41:11]导出表：SYS_TENANT -----

导出约束：SYS_C0025453 

导出模式下的对象权限...

表SYS_TENANT导出结束，共导出 1 行数据


----- [2026-04-27 09:41:11]导出表：SYS_THIRD_ACCOUNT -----

导出约束：SYS_C0025454 

导出模式下的对象权限...

表SYS_THIRD_ACCOUNT导出结束，共导出 0 行数据


----- [2026-04-27 09:41:11]导出表：SYS_USER -----

导入/出 SYS_USER 注释
导入/出 SYS_USER 注释
导入/出 SYS_USER 注释
导入/出 SYS_USER 注释
导出索引：UNIQ_SYS_USER_WORK_NO 

导出索引：UNIQ_SYS_USER_USERNAME 

导出索引：UNIQ_SYS_USER_PHONE 

导出索引：UNIQ_SYS_USER_EMAIL 

导出索引：IDX_SU_STATUS 

导出索引：IDX_SU_DEL_FLAG 

导出约束：SYS_C0025455 

导出模式下的对象权限...

表SYS_USER导出结束，共导出 8 行数据


----- [2026-04-27 09:41:11]导出表：SYS_USER_AGENT -----

导出索引：UK_SUG_USER_NAME 

导出索引：IDX_SUG_STATUS 

导出索引：IDX_SUG_START_TIME 

导出索引：IDX_SUG_END_TIME 

导出约束：SYS_C0025456 

导出模式下的对象权限...

表SYS_USER_AGENT导出结束，共导出 0 行数据


----- [2026-04-27 09:41:11]导出表：SYS_USER_DEPART -----

导出索引：IDX_SUD_USER_ID 

导出索引：IDX_SUD_USER_DEP_ID 

导出索引：IDX_SUD_DEP_ID 

导出约束：SYS_C0025457 

导出模式下的对象权限...

表SYS_USER_DEPART导出结束，共导出 0 行数据


----- [2026-04-27 09:41:11]导出表：SYS_USER_ROLE -----

导出索引：IDX_SUR_USER_ROLE_ID 

导出索引：IDX_SUR_USER_ID 

导出索引：IDX_SUR_ROLE_ID 

导出约束：SYS_C0025458 

导出模式下的对象权限...

表SYS_USER_ROLE导出结束，共导出 31 行数据


----- [2026-04-27 09:41:11]导出表：TEST_ONLINE_LINK -----

导出约束：SYS_C0025462 

导出模式下的对象权限...

表TEST_ONLINE_LINK导出结束，共导出 77 行数据


----- [2026-04-27 09:41:11]导出表：TEST_PERSON -----

导出约束：SYS_C0025466 

导出模式下的对象权限...

表TEST_PERSON导出结束，共导出 7 行数据


----- [2026-04-27 09:41:11]导出表：TMP_REPORT_DATA_1 -----

导出模式下的对象权限...

表TMP_REPORT_DATA_1导出结束，共导出 84 行数据


----- [2026-04-27 09:41:11]导出表：TMP_REPORT_DATA_INCOME -----

导出模式下的对象权限...

表TMP_REPORT_DATA_INCOME导出结束，共导出 35 行数据


----- [2026-04-27 09:41:11]导出表：sys_permission_v2 -----

导出模式下的对象权限...

表sys_permission_v2导出结束，共导出 135 行数据


----- [2026-04-27 09:41:11]导出表：ak_sys_data -----

导出模式下的对象权限...

表ak_sys_data导出结束，共导出 1 行数据


----- [2026-04-27 09:41:11]导出表：sys_todo -----

导入/出 sys_todo 注释
导入/出 sys_todo 注释
导出模式下的对象权限...

表sys_todo导出结束，共导出 29 行数据


----- [2026-04-27 09:41:11]导出表：dam_catalog -----

导出模式下的对象权限...

表dam_catalog导出结束，共导出 32 行数据


----- [2026-04-27 09:41:11]导出表：dam_space -----

导出模式下的对象权限...

表dam_space导出结束，共导出 3 行数据


----- [2026-04-27 09:41:11]导出表：dam_demand -----

导出模式下的对象权限...

表dam_demand导出结束，共导出 5 行数据


----- [2026-04-27 09:41:11]导出表：dam_space_user -----

导入/出 dam_space_user 注释
导入/出 dam_space_user 注释
导入/出 dam_space_user 注释
导入/出 dam_space_user 注释
导入/出 dam_space_user 注释
导入/出 dam_space_user 注释
导入/出 dam_space_user 注释
导入/出 dam_space_user 注释
导出模式下的对象权限...

表dam_space_user导出结束，共导出 5 行数据


----- [2026-04-27 09:41:11]导出表：dam_space_asset -----

导入/出 dam_space_asset 注释
导入/出 dam_space_asset 注释
导入/出 dam_space_asset 注释
导入/出 dam_space_asset 注释
导入/出 dam_space_asset 注释
导入/出 dam_space_asset 注释
导入/出 dam_space_asset 注释
导入/出 dam_space_asset 注释
导入/出 dam_space_asset 注释
导入/出 dam_space_asset 注释
导入/出 dam_space_asset 注释
导入/出 dam_space_asset 注释
导入/出 dam_space_asset 注释
导入/出 dam_space_asset 注释
导入/出 dam_space_asset 注释
导入/出 dam_space_asset 注释
导入/出 dam_space_asset 注释
导入/出 dam_space_asset 注释
导入/出 dam_space_asset 注释
导入/出 dam_space_asset 注释
导入/出 dam_space_asset 注释
导入/出 dam_space_asset 注释
导入/出 dam_space_asset 注释
导入/出 dam_space_asset 注释
导入/出 dam_space_asset 注释
导入/出 dam_space_asset 注释
导入/出 dam_space_asset 注释
导入/出 dam_space_asset 注释
导入/出 dam_space_asset 注释
导入/出 dam_space_asset 注释
导入/出 dam_space_asset 注释
导入/出 dam_space_asset 注释
导入/出 dam_space_asset 注释
导入/出 dam_space_asset 注释
导入/出 dam_space_asset 注释
导入/出 dam_space_asset 注释
导入/出 dam_space_asset 注释
导入/出 dam_space_asset 注释
导入/出 dam_space_asset 注释
导入/出 dam_space_asset 注释
导入/出 dam_space_asset 注释
导入/出 dam_space_asset 注释
导入/出 dam_space_asset 注释
导入/出 dam_space_asset 注释
导入/出 dam_space_asset 注释
导入/出 dam_space_asset 注释
导出模式下的对象权限...

表dam_space_asset导出结束，共导出 1 行数据


----- [2026-04-27 09:41:11]导出表：dam_asset_registration -----

导入/出 dam_asset_registration 注释
导入/出 dam_asset_registration 注释
导入/出 dam_asset_registration 注释
导入/出 dam_asset_registration 注释
导入/出 dam_asset_registration 注释
导入/出 dam_asset_registration 注释
导入/出 dam_asset_registration 注释
导入/出 dam_asset_registration 注释
导入/出 dam_asset_registration 注释
导入/出 dam_asset_registration 注释
导入/出 dam_asset_registration 注释
导入/出 dam_asset_registration 注释
导入/出 dam_asset_registration 注释
导入/出 dam_asset_registration 注释
导入/出 dam_asset_registration 注释
导入/出 dam_asset_registration 注释
导入/出 dam_asset_registration 注释
导入/出 dam_asset_registration 注释
导入/出 dam_asset_registration 注释
导入/出 dam_asset_registration 注释
导入/出 dam_asset_registration 注释
导入/出 dam_asset_registration 注释
导出模式下的对象权限...

表dam_asset_registration导出结束，共导出 1 行数据

模式[DAM]导出结束.....
成功导出 第1 个SCHEMA ：DAM


共导出 1 个SCHEMA


整个导出过程共花费    3.742 s


成功终止导出, 没有出现警告
