2026-04-03 09:22:43.157 [http-nio-9998-exec-6] INFO  o.j.c.desensitization.aspect.SensitiveDataAspect:76 - 加密操作，Aspect程序耗时：12ms
2026-04-03 09:23:03.825 [http-nio-9998-exec-4] INFO  o.j.config.sign.interceptor.SignAuthInterceptor:35 - Sign Interceptor request URI = /jeecg-boot/sys/dict/getDictItems/system_security
2026-04-03 09:23:03.837 [http-nio-9998-exec-1] INFO  o.j.m.system.controller.SysPermissionController:148 - ======获取一级菜单数据=====耗时:14毫秒
2026-04-03 09:23:03.893 [http-nio-9998-exec-4] INFO  org.jeecg.config.sign.util.SignUtil:50 - Param paramsJsonStr : {}
2026-04-03 09:23:03.894 [http-nio-9998-exec-4] INFO  org.jeecg.config.sign.util.SignUtil:37 - Param Sign : E19D6243CB1945AB4F7202A1B00F77D5
2026-04-03 09:23:03.929 [http-nio-9998-exec-4] INFO  o.j.modules.system.controller.SysDictController:167 -  dictCode : system_security
2026-04-03 09:23:03.946 [http-nio-9998-exec-2] INFO  o.j.config.sign.interceptor.SignAuthInterceptor:35 - Sign Interceptor request URI = /jeecg-boot/sys/dict/getDictItems/system_security
2026-04-03 09:23:03.946 [http-nio-9998-exec-2] INFO  org.jeecg.config.sign.util.SignUtil:50 - Param paramsJsonStr : {}
2026-04-03 09:23:03.947 [http-nio-9998-exec-2] INFO  org.jeecg.config.sign.util.SignUtil:37 - Param Sign : E19D6243CB1945AB4F7202A1B00F77D5
2026-04-03 09:23:03.948 [http-nio-9998-exec-2] INFO  o.j.modules.system.controller.SysDictController:167 -  dictCode : system_security
2026-04-03 09:23:06.072 [http-nio-9998-exec-7] INFO  o.j.config.sign.interceptor.SignAuthInterceptor:35 - Sign Interceptor request URI = /jeecg-boot/sys/dict/getDictItems/global_perms_type
2026-04-03 09:23:06.073 [http-nio-9998-exec-7] INFO  org.jeecg.config.sign.util.SignUtil:50 - Param paramsJsonStr : {}
2026-04-03 09:23:06.073 [http-nio-9998-exec-7] INFO  org.jeecg.config.sign.util.SignUtil:37 - Param Sign : E19D6243CB1945AB4F7202A1B00F77D5
2026-04-03 09:23:06.073 [http-nio-9998-exec-9] INFO  o.j.config.sign.interceptor.SignAuthInterceptor:35 - Sign Interceptor request URI = /jeecg-boot/sys/dict/getDictItems/valid_status
2026-04-03 09:23:06.073 [http-nio-9998-exec-9] INFO  org.jeecg.config.sign.util.SignUtil:50 - Param paramsJsonStr : {}
2026-04-03 09:23:06.073 [http-nio-9998-exec-7] INFO  o.j.modules.system.controller.SysDictController:167 -  dictCode : global_perms_type
2026-04-03 09:23:06.074 [http-nio-9998-exec-9] INFO  org.jeecg.config.sign.util.SignUtil:37 - Param Sign : E19D6243CB1945AB4F7202A1B00F77D5
2026-04-03 09:23:06.074 [http-nio-9998-exec-9] INFO  o.j.modules.system.controller.SysDictController:167 -  dictCode : valid_status
2026-04-03 09:27:33.403 [http-nio-9998-exec-5] INFO  o.j.m.system.controller.SysPermissionController:148 - ======获取一级菜单数据=====耗时:15毫秒
2026-04-03 09:27:37.100 [http-nio-9998-exec-10] INFO  o.j.config.sign.interceptor.SignAuthInterceptor:35 - Sign Interceptor request URI = /jeecg-boot/sys/dict/getDictItems/system_security
2026-04-03 09:27:37.101 [http-nio-9998-exec-10] INFO  org.jeecg.config.sign.util.SignUtil:50 - Param paramsJsonStr : {}
2026-04-03 09:27:37.101 [http-nio-9998-exec-10] INFO  org.jeecg.config.sign.util.SignUtil:37 - Param Sign : E19D6243CB1945AB4F7202A1B00F77D5
2026-04-03 09:27:37.102 [http-nio-9998-exec-10] INFO  o.j.modules.system.controller.SysDictController:167 -  dictCode : system_security
2026-04-03 09:27:37.112 [http-nio-9998-exec-8] INFO  o.j.m.system.controller.SysPermissionController:148 - ======获取一级菜单数据=====耗时:15毫秒
2026-04-03 09:27:37.120 [http-nio-9998-exec-3] INFO  o.j.config.sign.interceptor.SignAuthInterceptor:35 - Sign Interceptor request URI = /jeecg-boot/sys/dict/getDictItems/system_security
2026-04-03 09:27:37.121 [http-nio-9998-exec-3] INFO  org.jeecg.config.sign.util.SignUtil:50 - Param paramsJsonStr : {}
2026-04-03 09:27:37.121 [http-nio-9998-exec-3] INFO  org.jeecg.config.sign.util.SignUtil:37 - Param Sign : E19D6243CB1945AB4F7202A1B00F77D5
2026-04-03 09:27:37.122 [http-nio-9998-exec-3] INFO  o.j.modules.system.controller.SysDictController:167 -  dictCode : system_security
2026-04-03 09:27:44.961 [http-nio-9998-exec-1] INFO  o.j.config.sign.interceptor.SignAuthInterceptor:35 - Sign Interceptor request URI = /jeecg-boot/sys/dict/getDictItems/global_perms_type
2026-04-03 09:27:44.961 [http-nio-9998-exec-6] INFO  o.j.config.sign.interceptor.SignAuthInterceptor:35 - Sign Interceptor request URI = /jeecg-boot/sys/dict/getDictItems/valid_status
2026-04-03 09:27:44.962 [http-nio-9998-exec-6] INFO  org.jeecg.config.sign.util.SignUtil:50 - Param paramsJsonStr : {}
2026-04-03 09:27:44.962 [http-nio-9998-exec-1] INFO  org.jeecg.config.sign.util.SignUtil:50 - Param paramsJsonStr : {}
2026-04-03 09:27:44.962 [http-nio-9998-exec-1] INFO  org.jeecg.config.sign.util.SignUtil:37 - Param Sign : E19D6243CB1945AB4F7202A1B00F77D5
2026-04-03 09:27:44.962 [http-nio-9998-exec-6] INFO  org.jeecg.config.sign.util.SignUtil:37 - Param Sign : E19D6243CB1945AB4F7202A1B00F77D5
2026-04-03 09:27:44.963 [http-nio-9998-exec-6] INFO  o.j.modules.system.controller.SysDictController:167 -  dictCode : valid_status
2026-04-03 09:27:44.963 [http-nio-9998-exec-1] INFO  o.j.modules.system.controller.SysDictController:167 -  dictCode : global_perms_type
2026-04-03 09:27:48.068 [http-nio-9998-exec-3] INFO  o.j.m.system.controller.SysPermissionController:148 - ======获取一级菜单数据=====耗时:16毫秒
2026-04-03 09:27:53.744 [http-nio-9998-exec-4] INFO  o.j.m.system.controller.SysPermissionController:148 - ======获取一级菜单数据=====耗时:15毫秒
2026-04-03 09:27:59.744 [http-nio-9998-exec-7] INFO  o.j.m.system.controller.SysPermissionController:148 - ======获取一级菜单数据=====耗时:15毫秒
2026-04-03 09:33:10.075 [http-nio-9998-exec-5] INFO  o.j.m.system.controller.SysPermissionController:148 - ======获取一级菜单数据=====耗时:14毫秒
2026-04-03 09:33:17.815 [http-nio-9998-exec-1] INFO  o.j.config.sign.interceptor.SignAuthInterceptor:35 - Sign Interceptor request URI = /jeecg-boot/sys/dict/getDictItems/system_security
2026-04-03 09:33:17.816 [http-nio-9998-exec-1] INFO  org.jeecg.config.sign.util.SignUtil:50 - Param paramsJsonStr : {}
2026-04-03 09:33:17.816 [http-nio-9998-exec-1] INFO  org.jeecg.config.sign.util.SignUtil:37 - Param Sign : E19D6243CB1945AB4F7202A1B00F77D5
2026-04-03 09:33:17.816 [http-nio-9998-exec-1] INFO  o.j.modules.system.controller.SysDictController:167 -  dictCode : system_security
2026-04-03 09:33:17.876 [http-nio-9998-exec-6] INFO  org.jeecg.common.system.query.QueryGenerator:291 - 排序规则>>列:createTime,排序方式:desc
2026-04-03 09:33:23.453 [http-nio-9998-exec-5] INFO  o.j.m.system.controller.SysPermissionController:576 - ======角色授权成功=====耗时:110毫秒
2026-04-03 09:33:25.021 [http-nio-9998-exec-10] INFO  o.j.config.sign.interceptor.SignAuthInterceptor:35 - Sign Interceptor request URI = /jeecg-boot/sys/dict/getDictItems/system_security
2026-04-03 09:33:25.021 [http-nio-9998-exec-10] INFO  org.jeecg.config.sign.util.SignUtil:50 - Param paramsJsonStr : {}
2026-04-03 09:33:25.022 [http-nio-9998-exec-10] INFO  org.jeecg.config.sign.util.SignUtil:37 - Param Sign : E19D6243CB1945AB4F7202A1B00F77D5
2026-04-03 09:33:25.022 [http-nio-9998-exec-10] INFO  o.j.modules.system.controller.SysDictController:167 -  dictCode : system_security
2026-04-03 09:33:25.034 [http-nio-9998-exec-8] INFO  org.jeecg.common.system.query.QueryGenerator:291 - 排序规则>>列:createTime,排序方式:desc
2026-04-03 09:33:29.544 [http-nio-9998-exec-6] INFO  o.j.config.sign.interceptor.SignAuthInterceptor:35 - Sign Interceptor request URI = /jeecg-boot/sys/dict/getDictItems/system_security
2026-04-03 09:33:29.545 [http-nio-9998-exec-6] INFO  org.jeecg.config.sign.util.SignUtil:50 - Param paramsJsonStr : {}
2026-04-03 09:33:29.546 [http-nio-9998-exec-6] INFO  org.jeecg.config.sign.util.SignUtil:37 - Param Sign : E19D6243CB1945AB4F7202A1B00F77D5
2026-04-03 09:33:29.547 [http-nio-9998-exec-6] INFO  o.j.modules.system.controller.SysDictController:167 -  dictCode : system_security
2026-04-03 09:33:29.550 [http-nio-9998-exec-10] INFO  org.jeecg.common.system.query.QueryGenerator:291 - 排序规则>>列:createTime,排序方式:desc
2026-04-03 09:33:39.691 [http-nio-9998-exec-4] INFO  o.j.config.sign.interceptor.SignAuthInterceptor:35 - Sign Interceptor request URI = /jeecg-boot/sys/dict/getDictItems/system_security
2026-04-03 09:33:39.692 [http-nio-9998-exec-2] INFO  org.jeecg.common.system.query.QueryGenerator:291 - 排序规则>>列:createTime,排序方式:desc
2026-04-03 09:33:39.692 [http-nio-9998-exec-4] INFO  org.jeecg.config.sign.util.SignUtil:50 - Param paramsJsonStr : {}
2026-04-03 09:33:39.693 [http-nio-9998-exec-4] INFO  org.jeecg.config.sign.util.SignUtil:37 - Param Sign : E19D6243CB1945AB4F7202A1B00F77D5
2026-04-03 09:33:39.693 [http-nio-9998-exec-4] INFO  o.j.modules.system.controller.SysDictController:167 -  dictCode : system_security
2026-04-03 16:44:15.148 [lettuce-nioEventLoop-4-1] INFO  io.lettuce.core.protocol.CommandHandler:217 - null Unexpected exception during request: java.io.IOException: 远程主机强迫关闭了一个现有的连接。
java.io.IOException: 远程主机强迫关闭了一个现有的连接。
	at sun.nio.ch.SocketDispatcher.read0(Native Method)
	at sun.nio.ch.SocketDispatcher.read(SocketDispatcher.java:43)
	at sun.nio.ch.IOUtil.readIntoNativeBuffer(IOUtil.java:223)
	at sun.nio.ch.IOUtil.read(IOUtil.java:192)
	at sun.nio.ch.SocketChannelImpl.read(SocketChannelImpl.java:380)
	at io.netty.buffer.PooledByteBuf.setBytes(PooledByteBuf.java:259)
	at io.netty.buffer.AbstractByteBuf.writeBytes(AbstractByteBuf.java:1132)
	at io.netty.channel.socket.nio.NioSocketChannel.doReadBytes(NioSocketChannel.java:357)
	at io.netty.channel.nio.AbstractNioByteChannel$NioByteUnsafe.read(AbstractNioByteChannel.java:151)
	at io.netty.channel.nio.NioEventLoop.processSelectedKey(NioEventLoop.java:788)
	at io.netty.channel.nio.NioEventLoop.processSelectedKeysOptimized(NioEventLoop.java:724)
	at io.netty.channel.nio.NioEventLoop.processSelectedKeys(NioEventLoop.java:650)
	at io.netty.channel.nio.NioEventLoop.run(NioEventLoop.java:562)
	at io.netty.util.concurrent.SingleThreadEventExecutor$4.run(SingleThreadEventExecutor.java:997)
	at io.netty.util.internal.ThreadExecutorMap$2.run(ThreadExecutorMap.java:74)
	at io.netty.util.concurrent.FastThreadLocalRunnable.run(FastThreadLocalRunnable.java:30)
	at java.lang.Thread.run(Thread.java:748)
2026-04-03 16:44:15.148 [lettuce-nioEventLoop-4-2] INFO  io.lettuce.core.protocol.CommandHandler:217 - null Unexpected exception during request: java.io.IOException: 远程主机强迫关闭了一个现有的连接。
java.io.IOException: 远程主机强迫关闭了一个现有的连接。
	at sun.nio.ch.SocketDispatcher.read0(Native Method)
	at sun.nio.ch.SocketDispatcher.read(SocketDispatcher.java:43)
	at sun.nio.ch.IOUtil.readIntoNativeBuffer(IOUtil.java:223)
	at sun.nio.ch.IOUtil.read(IOUtil.java:192)
	at sun.nio.ch.SocketChannelImpl.read(SocketChannelImpl.java:380)
	at io.netty.buffer.PooledByteBuf.setBytes(PooledByteBuf.java:259)
	at io.netty.buffer.AbstractByteBuf.writeBytes(AbstractByteBuf.java:1132)
	at io.netty.channel.socket.nio.NioSocketChannel.doReadBytes(NioSocketChannel.java:357)
	at io.netty.channel.nio.AbstractNioByteChannel$NioByteUnsafe.read(AbstractNioByteChannel.java:151)
	at io.netty.channel.nio.NioEventLoop.processSelectedKey(NioEventLoop.java:788)
	at io.netty.channel.nio.NioEventLoop.processSelectedKeysOptimized(NioEventLoop.java:724)
	at io.netty.channel.nio.NioEventLoop.processSelectedKeys(NioEventLoop.java:650)
	at io.netty.channel.nio.NioEventLoop.run(NioEventLoop.java:562)
	at io.netty.util.concurrent.SingleThreadEventExecutor$4.run(SingleThreadEventExecutor.java:997)
	at io.netty.util.internal.ThreadExecutorMap$2.run(ThreadExecutorMap.java:74)
	at io.netty.util.concurrent.FastThreadLocalRunnable.run(FastThreadLocalRunnable.java:30)
	at java.lang.Thread.run(Thread.java:748)
2026-04-03 16:44:15.148 [lettuce-nioEventLoop-4-3] INFO  io.lettuce.core.protocol.CommandHandler:217 - null Unexpected exception during request: java.io.IOException: 远程主机强迫关闭了一个现有的连接。
java.io.IOException: 远程主机强迫关闭了一个现有的连接。
	at sun.nio.ch.SocketDispatcher.read0(Native Method)
	at sun.nio.ch.SocketDispatcher.read(SocketDispatcher.java:43)
	at sun.nio.ch.IOUtil.readIntoNativeBuffer(IOUtil.java:223)
	at sun.nio.ch.IOUtil.read(IOUtil.java:192)
	at sun.nio.ch.SocketChannelImpl.read(SocketChannelImpl.java:380)
	at io.netty.buffer.PooledByteBuf.setBytes(PooledByteBuf.java:259)
	at io.netty.buffer.AbstractByteBuf.writeBytes(AbstractByteBuf.java:1132)
	at io.netty.channel.socket.nio.NioSocketChannel.doReadBytes(NioSocketChannel.java:357)
	at io.netty.channel.nio.AbstractNioByteChannel$NioByteUnsafe.read(AbstractNioByteChannel.java:151)
	at io.netty.channel.nio.NioEventLoop.processSelectedKey(NioEventLoop.java:788)
	at io.netty.channel.nio.NioEventLoop.processSelectedKeysOptimized(NioEventLoop.java:724)
	at io.netty.channel.nio.NioEventLoop.processSelectedKeys(NioEventLoop.java:650)
	at io.netty.channel.nio.NioEventLoop.run(NioEventLoop.java:562)
	at io.netty.util.concurrent.SingleThreadEventExecutor$4.run(SingleThreadEventExecutor.java:997)
	at io.netty.util.internal.ThreadExecutorMap$2.run(ThreadExecutorMap.java:74)
	at io.netty.util.concurrent.FastThreadLocalRunnable.run(FastThreadLocalRunnable.java:30)
	at java.lang.Thread.run(Thread.java:748)
2026-04-03 16:44:15.179 [lettuce-eventExecutorLoop-1-14] INFO  io.lettuce.core.protocol.ConnectionWatchdog:171 - Reconnecting, last destination was /127.0.0.1:6379
2026-04-03 16:44:15.179 [lettuce-eventExecutorLoop-1-2] INFO  io.lettuce.core.protocol.ConnectionWatchdog:171 - Reconnecting, last destination was /127.0.0.1:6379
2026-04-03 16:44:15.179 [lettuce-eventExecutorLoop-1-1] INFO  io.lettuce.core.protocol.ConnectionWatchdog:171 - Reconnecting, last destination was /127.0.0.1:6379
2026-04-03 16:44:17.219 [lettuce-nioEventLoop-4-6] WARN  io.lettuce.core.protocol.ConnectionWatchdog:151 - Cannot reconnect to [127.0.0.1:6379]: Connection refused: no further information: /127.0.0.1:6379
2026-04-03 16:44:17.219 [lettuce-nioEventLoop-4-4] WARN  io.lettuce.core.protocol.ConnectionWatchdog:151 - Cannot reconnect to [127.0.0.1:6379]: Connection refused: no further information: /127.0.0.1:6379
2026-04-03 16:44:17.232 [lettuce-nioEventLoop-4-5] WARN  io.lettuce.core.protocol.ConnectionWatchdog:151 - Cannot reconnect to [127.0.0.1:6379]: Connection refused: no further information: /127.0.0.1:6379
2026-04-03 16:44:21.471 [lettuce-eventExecutorLoop-1-9] INFO  io.lettuce.core.protocol.ConnectionWatchdog:171 - Reconnecting, last destination was 127.0.0.1:6379
2026-04-03 16:44:21.471 [lettuce-eventExecutorLoop-1-10] INFO  io.lettuce.core.protocol.ConnectionWatchdog:171 - Reconnecting, last destination was 127.0.0.1:6379
2026-04-03 16:44:21.471 [lettuce-eventExecutorLoop-1-11] INFO  io.lettuce.core.protocol.ConnectionWatchdog:171 - Reconnecting, last destination was 127.0.0.1:6379
2026-04-03 16:44:21.571 [SpringApplicationShutdownHook] INFO  org.quartz.core.QuartzScheduler:585 - Scheduler quartzScheduler_$_NON_CLUSTERED paused.
2026-04-03 16:44:21.861 [SpringApplicationShutdownHook] INFO  o.s.scheduling.quartz.SchedulerFactoryBean:847 - Shutting down Quartz Scheduler
2026-04-03 16:44:21.862 [SpringApplicationShutdownHook] INFO  org.quartz.core.QuartzScheduler:666 - Scheduler quartzScheduler_$_NON_CLUSTERED shutting down.
2026-04-03 16:44:21.862 [SpringApplicationShutdownHook] INFO  org.quartz.core.QuartzScheduler:585 - Scheduler quartzScheduler_$_NON_CLUSTERED paused.
2026-04-03 16:44:21.865 [SpringApplicationShutdownHook] INFO  org.quartz.core.QuartzScheduler:740 - Scheduler quartzScheduler_$_NON_CLUSTERED shutdown complete.
2026-04-03 16:44:21.873 [SpringApplicationShutdownHook] INFO  com.alibaba.druid.pool.DruidDataSource:2029 - {dataSource-1} closing ...
2026-04-03 16:44:21.878 [SpringApplicationShutdownHook] INFO  com.alibaba.druid.pool.DruidDataSource:2101 - {dataSource-1} closed
2026-04-03 16:44:21.883 [SpringApplicationShutdownHook] WARN  io.lettuce.core.protocol.ConnectionWatchdog:151 - Cannot reconnect to [127.0.0.1:6379]: java.util.concurrent.CancellationException
2026-04-03 16:44:21.885 [SpringApplicationShutdownHook] WARN  io.lettuce.core.protocol.ConnectionWatchdog:151 - Cannot reconnect to [127.0.0.1:6379]: java.util.concurrent.CancellationException
2026-04-03 16:44:21.889 [SpringApplicationShutdownHook] WARN  io.lettuce.core.protocol.ConnectionWatchdog:151 - Cannot reconnect to [127.0.0.1:6379]: java.util.concurrent.CancellationException
