2026-03-12 09:08:24.494 [background-preinit] INFO  org.hibernate.validator.internal.util.Version:21 - HV000001: Hibernate Validator 6.2.5.Final
2026-03-12 09:08:24.510 [main] INFO  org.jeecg.JeecgSystemApplication:55 - Starting JeecgSystemApplication using Java 1.8.0_251 on 编号89757 with PID 13572 (E:\00-IDEAProject\00-DAM\DAM-java\jeecg-module-system\jeecg-system-start\target\classes started by LXR in E:\00-IDEAProject\00-DAM\DAM-java)
2026-03-12 09:08:24.511 [main] INFO  org.jeecg.JeecgSystemApplication:651 - The following 1 profile is active: "dm8"
2026-03-12 09:08:26.608 [main] INFO  o.s.d.r.config.RepositoryConfigurationDelegate:262 - Multiple Spring Data modules found, entering strict repository configuration mode
2026-03-12 09:08:26.613 [main] INFO  o.s.d.r.config.RepositoryConfigurationDelegate:132 - Bootstrapping Spring Data Redis repositories in DEFAULT mode.
2026-03-12 09:08:26.699 [main] INFO  o.s.d.r.config.RepositoryConfigurationDelegate:201 - Finished Spring Data repository scanning in 65 ms. Found 0 Redis repository interfaces.
2026-03-12 09:08:26.844 [main] INFO  o.j.minidao.auto.MinidaoAutoConfiguration:23 -  ******************* init miniDao config [ begin ] *********************** 
2026-03-12 09:08:26.844 [main] INFO  o.j.minidao.auto.MinidaoAutoConfiguration:25 -  ------ minidao.base-package ------- org.jeecg.modules.jmreport.desreport.*
2026-03-12 09:08:26.846 [main] INFO  o.j.minidao.auto.MinidaoAutoConfiguration:42 -  *******************  init miniDao config  [ end ] *********************** 
2026-03-12 09:08:26.873 [main] WARN  org.mybatis.spring.mapper.ClassPathMapperScanner:44 - No MyBatis mapper was found in '[org.jeecg.modules.hrutilization.mapper]' package. Please check your configuration.
2026-03-12 09:08:26.908 [main] INFO  o.j.minidao.factory.MiniDaoClassPathMapperScanner:48 - register minidao name is { org.jeecg.modules.jmreport.desreport.dao.JimuReportDao }
2026-03-12 09:08:26.909 [main] INFO  o.j.minidao.factory.MiniDaoClassPathMapperScanner:48 - register minidao name is { org.jeecg.modules.jmreport.desreport.dao.JimuReportDataSourceDao }
2026-03-12 09:08:26.909 [main] INFO  o.j.minidao.factory.MiniDaoClassPathMapperScanner:48 - register minidao name is { org.jeecg.modules.jmreport.desreport.dao.JimuReportDbDao }
2026-03-12 09:08:26.909 [main] INFO  o.j.minidao.factory.MiniDaoClassPathMapperScanner:48 - register minidao name is { org.jeecg.modules.jmreport.desreport.dao.JimuReportDbFieldDao }
2026-03-12 09:08:26.909 [main] INFO  o.j.minidao.factory.MiniDaoClassPathMapperScanner:48 - register minidao name is { org.jeecg.modules.jmreport.desreport.dao.JimuReportDbParamDao }
2026-03-12 09:08:26.909 [main] INFO  o.j.minidao.factory.MiniDaoClassPathMapperScanner:48 - register minidao name is { org.jeecg.modules.jmreport.desreport.dao.JimuReportDictDao }
2026-03-12 09:08:26.909 [main] INFO  o.j.minidao.factory.MiniDaoClassPathMapperScanner:48 - register minidao name is { org.jeecg.modules.jmreport.desreport.dao.JimuReportDictItemDao }
2026-03-12 09:08:26.909 [main] INFO  o.j.minidao.factory.MiniDaoClassPathMapperScanner:48 - register minidao name is { org.jeecg.modules.jmreport.desreport.dao.JimuReportLinkDao }
2026-03-12 09:08:26.909 [main] INFO  o.j.minidao.factory.MiniDaoClassPathMapperScanner:48 - register minidao name is { org.jeecg.modules.jmreport.desreport.dao.JimuReportMapDao }
2026-03-12 09:08:26.909 [main] INFO  o.j.minidao.factory.MiniDaoClassPathMapperScanner:48 - register minidao name is { org.jeecg.modules.jmreport.desreport.dao.JimuReportShareDao }
2026-03-12 09:08:27.195 [main] INFO  o.s.c.s.PostProcessorRegistrationDelegate$BeanPostProcessorChecker:376 - Bean '(inner bean)#77856cc5#9' of type [org.jeecgframework.minidao.aop.MiniDaoHandler] is not eligible for getting processed by all BeanPostProcessors (for example: not eligible for auto-proxying)
2026-03-12 09:08:27.214 [main] INFO  o.s.c.s.PostProcessorRegistrationDelegate$BeanPostProcessorChecker:376 - Bean 'jimuReportShareDao' of type [org.jeecgframework.minidao.factory.MiniDaoBeanFactory] is not eligible for getting processed by all BeanPostProcessors (for example: not eligible for auto-proxying)
2026-03-12 09:08:27.215 [main] INFO  o.s.c.s.PostProcessorRegistrationDelegate$BeanPostProcessorChecker:376 - Bean '(inner bean)#77856cc5#8' of type [org.jeecgframework.minidao.aop.MiniDaoHandler] is not eligible for getting processed by all BeanPostProcessors (for example: not eligible for auto-proxying)
2026-03-12 09:08:27.216 [main] INFO  o.s.c.s.PostProcessorRegistrationDelegate$BeanPostProcessorChecker:376 - Bean 'jimuReportMapDao' of type [org.jeecgframework.minidao.factory.MiniDaoBeanFactory] is not eligible for getting processed by all BeanPostProcessors (for example: not eligible for auto-proxying)
2026-03-12 09:08:27.217 [main] INFO  o.s.c.s.PostProcessorRegistrationDelegate$BeanPostProcessorChecker:376 - Bean '(inner bean)#77856cc5#7' of type [org.jeecgframework.minidao.aop.MiniDaoHandler] is not eligible for getting processed by all BeanPostProcessors (for example: not eligible for auto-proxying)
2026-03-12 09:08:27.217 [main] INFO  o.s.c.s.PostProcessorRegistrationDelegate$BeanPostProcessorChecker:376 - Bean 'jimuReportLinkDao' of type [org.jeecgframework.minidao.factory.MiniDaoBeanFactory] is not eligible for getting processed by all BeanPostProcessors (for example: not eligible for auto-proxying)
2026-03-12 09:08:27.218 [main] INFO  o.s.c.s.PostProcessorRegistrationDelegate$BeanPostProcessorChecker:376 - Bean '(inner bean)#77856cc5#6' of type [org.jeecgframework.minidao.aop.MiniDaoHandler] is not eligible for getting processed by all BeanPostProcessors (for example: not eligible for auto-proxying)
2026-03-12 09:08:27.218 [main] INFO  o.s.c.s.PostProcessorRegistrationDelegate$BeanPostProcessorChecker:376 - Bean 'jimuReportDictItemDao' of type [org.jeecgframework.minidao.factory.MiniDaoBeanFactory] is not eligible for getting processed by all BeanPostProcessors (for example: not eligible for auto-proxying)
2026-03-12 09:08:27.219 [main] INFO  o.s.c.s.PostProcessorRegistrationDelegate$BeanPostProcessorChecker:376 - Bean '(inner bean)#77856cc5#5' of type [org.jeecgframework.minidao.aop.MiniDaoHandler] is not eligible for getting processed by all BeanPostProcessors (for example: not eligible for auto-proxying)
2026-03-12 09:08:27.219 [main] INFO  o.s.c.s.PostProcessorRegistrationDelegate$BeanPostProcessorChecker:376 - Bean 'jimuReportDictDao' of type [org.jeecgframework.minidao.factory.MiniDaoBeanFactory] is not eligible for getting processed by all BeanPostProcessors (for example: not eligible for auto-proxying)
2026-03-12 09:08:27.220 [main] INFO  o.s.c.s.PostProcessorRegistrationDelegate$BeanPostProcessorChecker:376 - Bean '(inner bean)#77856cc5#4' of type [org.jeecgframework.minidao.aop.MiniDaoHandler] is not eligible for getting processed by all BeanPostProcessors (for example: not eligible for auto-proxying)
2026-03-12 09:08:27.220 [main] INFO  o.s.c.s.PostProcessorRegistrationDelegate$BeanPostProcessorChecker:376 - Bean 'jimuReportDbParamDao' of type [org.jeecgframework.minidao.factory.MiniDaoBeanFactory] is not eligible for getting processed by all BeanPostProcessors (for example: not eligible for auto-proxying)
2026-03-12 09:08:27.221 [main] INFO  o.s.c.s.PostProcessorRegistrationDelegate$BeanPostProcessorChecker:376 - Bean '(inner bean)#77856cc5#3' of type [org.jeecgframework.minidao.aop.MiniDaoHandler] is not eligible for getting processed by all BeanPostProcessors (for example: not eligible for auto-proxying)
2026-03-12 09:08:27.221 [main] INFO  o.s.c.s.PostProcessorRegistrationDelegate$BeanPostProcessorChecker:376 - Bean 'jimuReportDbFieldDao' of type [org.jeecgframework.minidao.factory.MiniDaoBeanFactory] is not eligible for getting processed by all BeanPostProcessors (for example: not eligible for auto-proxying)
2026-03-12 09:08:27.222 [main] INFO  o.s.c.s.PostProcessorRegistrationDelegate$BeanPostProcessorChecker:376 - Bean '(inner bean)#77856cc5#2' of type [org.jeecgframework.minidao.aop.MiniDaoHandler] is not eligible for getting processed by all BeanPostProcessors (for example: not eligible for auto-proxying)
2026-03-12 09:08:27.222 [main] INFO  o.s.c.s.PostProcessorRegistrationDelegate$BeanPostProcessorChecker:376 - Bean 'jimuReportDbDao' of type [org.jeecgframework.minidao.factory.MiniDaoBeanFactory] is not eligible for getting processed by all BeanPostProcessors (for example: not eligible for auto-proxying)
2026-03-12 09:08:27.223 [main] INFO  o.s.c.s.PostProcessorRegistrationDelegate$BeanPostProcessorChecker:376 - Bean '(inner bean)#77856cc5#1' of type [org.jeecgframework.minidao.aop.MiniDaoHandler] is not eligible for getting processed by all BeanPostProcessors (for example: not eligible for auto-proxying)
2026-03-12 09:08:27.223 [main] INFO  o.s.c.s.PostProcessorRegistrationDelegate$BeanPostProcessorChecker:376 - Bean 'jimuReportDataSourceDao' of type [org.jeecgframework.minidao.factory.MiniDaoBeanFactory] is not eligible for getting processed by all BeanPostProcessors (for example: not eligible for auto-proxying)
2026-03-12 09:08:27.224 [main] INFO  o.s.c.s.PostProcessorRegistrationDelegate$BeanPostProcessorChecker:376 - Bean '(inner bean)#77856cc5' of type [org.jeecgframework.minidao.aop.MiniDaoHandler] is not eligible for getting processed by all BeanPostProcessors (for example: not eligible for auto-proxying)
2026-03-12 09:08:27.224 [main] INFO  o.s.c.s.PostProcessorRegistrationDelegate$BeanPostProcessorChecker:376 - Bean 'jimuReportDao' of type [org.jeecgframework.minidao.factory.MiniDaoBeanFactory] is not eligible for getting processed by all BeanPostProcessors (for example: not eligible for auto-proxying)
2026-03-12 09:08:27.242 [main] INFO  o.s.c.s.PostProcessorRegistrationDelegate$BeanPostProcessorChecker:376 - Bean 'spring.redis-org.springframework.boot.autoconfigure.data.redis.RedisProperties' of type [org.springframework.boot.autoconfigure.data.redis.RedisProperties] is not eligible for getting processed by all BeanPostProcessors (for example: not eligible for auto-proxying)
2026-03-12 09:08:27.246 [main] INFO  o.s.c.s.PostProcessorRegistrationDelegate$BeanPostProcessorChecker:376 - Bean 'org.springframework.boot.autoconfigure.data.redis.LettuceConnectionConfiguration' of type [org.springframework.boot.autoconfigure.data.redis.LettuceConnectionConfiguration] is not eligible for getting processed by all BeanPostProcessors (for example: not eligible for auto-proxying)
2026-03-12 09:08:27.262 [main] INFO  o.s.c.s.PostProcessorRegistrationDelegate$BeanPostProcessorChecker:376 - Bean 'org.springframework.boot.actuate.autoconfigure.metrics.redis.LettuceMetricsAutoConfiguration' of type [org.springframework.boot.actuate.autoconfigure.metrics.redis.LettuceMetricsAutoConfiguration] is not eligible for getting processed by all BeanPostProcessors (for example: not eligible for auto-proxying)
2026-03-12 09:08:27.264 [main] INFO  o.s.c.s.PostProcessorRegistrationDelegate$BeanPostProcessorChecker:376 - Bean 'org.springframework.boot.actuate.autoconfigure.metrics.export.prometheus.PrometheusMetricsExportAutoConfiguration' of type [org.springframework.boot.actuate.autoconfigure.metrics.export.prometheus.PrometheusMetricsExportAutoConfiguration] is not eligible for getting processed by all BeanPostProcessors (for example: not eligible for auto-proxying)
2026-03-12 09:08:27.266 [main] INFO  o.s.c.s.PostProcessorRegistrationDelegate$BeanPostProcessorChecker:376 - Bean 'management.metrics.export.prometheus-org.springframework.boot.actuate.autoconfigure.metrics.export.prometheus.PrometheusProperties' of type [org.springframework.boot.actuate.autoconfigure.metrics.export.prometheus.PrometheusProperties] is not eligible for getting processed by all BeanPostProcessors (for example: not eligible for auto-proxying)
2026-03-12 09:08:27.270 [main] INFO  o.s.c.s.PostProcessorRegistrationDelegate$BeanPostProcessorChecker:376 - Bean 'prometheusConfig' of type [org.springframework.boot.actuate.autoconfigure.metrics.export.prometheus.PrometheusPropertiesConfigAdapter] is not eligible for getting processed by all BeanPostProcessors (for example: not eligible for auto-proxying)
2026-03-12 09:08:27.273 [main] INFO  o.s.c.s.PostProcessorRegistrationDelegate$BeanPostProcessorChecker:376 - Bean 'collectorRegistry' of type [io.prometheus.client.CollectorRegistry] is not eligible for getting processed by all BeanPostProcessors (for example: not eligible for auto-proxying)
2026-03-12 09:08:27.274 [main] INFO  o.s.c.s.PostProcessorRegistrationDelegate$BeanPostProcessorChecker:376 - Bean 'org.springframework.boot.actuate.autoconfigure.metrics.MetricsAutoConfiguration' of type [org.springframework.boot.actuate.autoconfigure.metrics.MetricsAutoConfiguration] is not eligible for getting processed by all BeanPostProcessors (for example: not eligible for auto-proxying)
2026-03-12 09:08:27.276 [main] INFO  o.s.c.s.PostProcessorRegistrationDelegate$BeanPostProcessorChecker:376 - Bean 'micrometerClock' of type [io.micrometer.core.instrument.Clock$1] is not eligible for getting processed by all BeanPostProcessors (for example: not eligible for auto-proxying)
2026-03-12 09:08:27.300 [main] INFO  o.s.c.s.PostProcessorRegistrationDelegate$BeanPostProcessorChecker:376 - Bean 'prometheusMeterRegistry' of type [io.micrometer.prometheus.PrometheusMeterRegistry] is not eligible for getting processed by all BeanPostProcessors (for example: not eligible for auto-proxying)
2026-03-12 09:08:27.304 [main] INFO  o.s.c.s.PostProcessorRegistrationDelegate$BeanPostProcessorChecker:376 - Bean 'micrometerOptions' of type [io.lettuce.core.metrics.MicrometerOptions] is not eligible for getting processed by all BeanPostProcessors (for example: not eligible for auto-proxying)
2026-03-12 09:08:27.307 [main] INFO  o.s.c.s.PostProcessorRegistrationDelegate$BeanPostProcessorChecker:376 - Bean 'lettuceMetrics' of type [org.springframework.boot.actuate.autoconfigure.metrics.redis.LettuceMetricsAutoConfiguration$$Lambda$444/503117914] is not eligible for getting processed by all BeanPostProcessors (for example: not eligible for auto-proxying)
2026-03-12 09:08:27.395 [main] INFO  o.s.c.s.PostProcessorRegistrationDelegate$BeanPostProcessorChecker:376 - Bean 'lettuceClientResources' of type [io.lettuce.core.resource.DefaultClientResources] is not eligible for getting processed by all BeanPostProcessors (for example: not eligible for auto-proxying)
2026-03-12 09:08:27.481 [main] INFO  o.s.c.s.PostProcessorRegistrationDelegate$BeanPostProcessorChecker:376 - Bean 'redisConnectionFactory' of type [org.springframework.data.redis.connection.lettuce.LettuceConnectionFactory] is not eligible for getting processed by all BeanPostProcessors (for example: not eligible for auto-proxying)
2026-03-12 09:08:27.485 [main] INFO  o.s.c.s.PostProcessorRegistrationDelegate$BeanPostProcessorChecker:376 - Bean 'jeecgBaseConfig' of type [org.jeecg.config.JeecgBaseConfig] is not eligible for getting processed by all BeanPostProcessors (for example: not eligible for auto-proxying)
2026-03-12 09:08:27.489 [main] INFO  o.s.c.s.PostProcessorRegistrationDelegate$BeanPostProcessorChecker:376 - Bean 'shiroConfig' of type [org.jeecg.config.shiro.ShiroConfig$$EnhancerBySpringCGLIB$$fa777194] is not eligible for getting processed by all BeanPostProcessors (for example: not eligible for auto-proxying)
2026-03-12 09:08:27.735 [main] INFO  o.s.c.s.PostProcessorRegistrationDelegate$BeanPostProcessorChecker:376 - Bean 'spring.datasource.dynamic-com.baomidou.dynamic.datasource.spring.boot.autoconfigure.DynamicDataSourceProperties' of type [com.baomidou.dynamic.datasource.spring.boot.autoconfigure.DynamicDataSourceProperties] is not eligible for getting processed by all BeanPostProcessors (for example: not eligible for auto-proxying)
2026-03-12 09:08:27.739 [main] INFO  o.s.c.s.PostProcessorRegistrationDelegate$BeanPostProcessorChecker:376 - Bean 'com.baomidou.dynamic.datasource.spring.boot.autoconfigure.DynamicDataSourceAutoConfiguration' of type [com.baomidou.dynamic.datasource.spring.boot.autoconfigure.DynamicDataSourceAutoConfiguration$$EnhancerBySpringCGLIB$$4c99a6c] is not eligible for getting processed by all BeanPostProcessors (for example: not eligible for auto-proxying)
2026-03-12 09:08:27.746 [main] INFO  o.s.c.s.PostProcessorRegistrationDelegate$BeanPostProcessorChecker:376 - Bean 'dsProcessor' of type [com.baomidou.dynamic.datasource.processor.DsHeaderProcessor] is not eligible for getting processed by all BeanPostProcessors (for example: not eligible for auto-proxying)
2026-03-12 09:08:27.788 [main] INFO  o.s.c.s.PostProcessorRegistrationDelegate$BeanPostProcessorChecker:376 - Bean 'shiroRealm' of type [org.jeecg.config.shiro.ShiroRealm] is not eligible for getting processed by all BeanPostProcessors (for example: not eligible for auto-proxying)
2026-03-12 09:08:28.070 [main] INFO  org.jeecg.config.shiro.ShiroConfig:242 - ===============(1)创建缓存管理器RedisCacheManager
2026-03-12 09:08:28.072 [main] INFO  org.jeecg.config.shiro.ShiroConfig:260 - ===============(2)创建RedisManager,连接Redis..
2026-03-12 09:08:28.076 [main] INFO  o.s.c.s.PostProcessorRegistrationDelegate$BeanPostProcessorChecker:376 - Bean 'redisManager' of type [org.crazycake.shiro.RedisManager] is not eligible for getting processed by all BeanPostProcessors (for example: not eligible for auto-proxying)
2026-03-12 09:08:28.083 [main] INFO  o.s.c.s.PostProcessorRegistrationDelegate$BeanPostProcessorChecker:376 - Bean 'securityManager' of type [org.apache.shiro.web.mgt.DefaultWebSecurityManager] is not eligible for getting processed by all BeanPostProcessors (for example: not eligible for auto-proxying)
2026-03-12 09:08:28.102 [main] INFO  o.s.c.s.PostProcessorRegistrationDelegate$BeanPostProcessorChecker:376 - Bean 'authorizationAttributeSourceAdvisor' of type [org.apache.shiro.spring.security.interceptor.AuthorizationAttributeSourceAdvisor] is not eligible for getting processed by all BeanPostProcessors (for example: not eligible for auto-proxying)
2026-03-12 09:08:28.124 [main] INFO  o.s.c.s.PostProcessorRegistrationDelegate$BeanPostProcessorChecker:376 - Bean 'org.apache.shiro.spring.boot.autoconfigure.ShiroBeanAutoConfiguration' of type [org.apache.shiro.spring.boot.autoconfigure.ShiroBeanAutoConfiguration$$EnhancerBySpringCGLIB$$ae54074b] is not eligible for getting processed by all BeanPostProcessors (for example: not eligible for auto-proxying)
2026-03-12 09:08:28.127 [main] INFO  o.s.c.s.PostProcessorRegistrationDelegate$BeanPostProcessorChecker:376 - Bean 'eventBus' of type [org.apache.shiro.event.support.DefaultEventBus] is not eligible for getting processed by all BeanPostProcessors (for example: not eligible for auto-proxying)
2026-03-12 09:08:28.457 [main] INFO  o.s.boot.web.embedded.tomcat.TomcatWebServer:108 - Tomcat initialized with port(s): 9998 (http)
2026-03-12 09:08:28.468 [main] INFO  org.apache.coyote.http11.Http11NioProtocol:173 - Initializing ProtocolHandler ["http-nio-9998"]
2026-03-12 09:08:28.469 [main] INFO  org.apache.catalina.core.StandardService:173 - Starting service [Tomcat]
2026-03-12 09:08:28.469 [main] INFO  org.apache.catalina.core.StandardEngine:173 - Starting Servlet engine: [Apache Tomcat/9.0.69]
2026-03-12 09:08:28.605 [main] INFO  o.a.c.c.C.[Tomcat].[localhost].[/jeecg-boot]:173 - Initializing Spring embedded WebApplicationContext
2026-03-12 09:08:28.606 [main] INFO  o.s.b.w.s.c.ServletWebServerApplicationContext:290 - Root WebApplicationContext: initialization completed in 4049 ms
2026-03-12 09:08:28.770 [main] INFO  o.j.m.jmreport.config.init.JimuReportConfiguration:99 -  Init JimuReport Config [ Token Interceptor & Resource Locations ] 
2026-03-12 09:08:29.140 [main] INFO  c.a.d.s.b.a.DruidDataSourceAutoConfigure:56 - Init DruidDataSource
2026-03-12 09:08:29.366 [main] INFO  com.alibaba.druid.pool.DruidDataSource:994 - {dataSource-1} inited
2026-03-12 09:08:30.903 [main] INFO  org.jeecg.common.modules.redis.config.RedisConfig:56 -  --- redis config init --- 
2026-03-12 09:08:31.869 [main] INFO  org.quartz.impl.StdSchedulerFactory:1220 - Using default implementation for ThreadExecutor
2026-03-12 09:08:31.881 [main] INFO  org.quartz.core.SchedulerSignalerImpl:61 - Initialized Scheduler Signaller of type: class org.quartz.core.SchedulerSignalerImpl
2026-03-12 09:08:31.882 [main] INFO  org.quartz.core.QuartzScheduler:229 - Quartz Scheduler v.2.3.2 created.
2026-03-12 09:08:31.893 [main] INFO  o.s.scheduling.quartz.LocalDataSourceJobStore:672 - Using db table-based data access locking (synchronization).
2026-03-12 09:08:31.895 [main] INFO  o.s.scheduling.quartz.LocalDataSourceJobStore:145 - JobStoreCMT initialized.
2026-03-12 09:08:31.896 [main] INFO  org.quartz.core.QuartzScheduler:294 - Scheduler meta-data: Quartz Scheduler (v2.3.2) 'quartzScheduler' with instanceId 'NON_CLUSTERED'
  Scheduler class: 'org.quartz.core.QuartzScheduler' - running locally.
  NOT STARTED.
  Currently in standby mode.
  Number of jobs executed: 0
  Using thread pool 'org.quartz.simpl.SimpleThreadPool' - with 10 threads.
  Using job-store 'org.springframework.scheduling.quartz.LocalDataSourceJobStore' - which supports persistence. and is not clustered.

2026-03-12 09:08:31.896 [main] INFO  org.quartz.impl.StdSchedulerFactory:1374 - Quartz scheduler 'quartzScheduler' initialized from an externally provided properties instance.
2026-03-12 09:08:31.896 [main] INFO  org.quartz.impl.StdSchedulerFactory:1378 - Quartz scheduler version: 2.3.2
2026-03-12 09:08:31.896 [main] INFO  org.quartz.core.QuartzScheduler:2293 - JobFactory set to: org.springframework.scheduling.quartz.SpringBeanJobFactory@36def543
2026-03-12 09:08:33.283 [main] INFO  o.j.modules.jmreport.config.JmReportExecutorConfig:42 -  Init JimuReport Config [ 线程池 ] 
2026-03-12 09:08:34.483 [main] INFO  o.s.b.actuate.endpoint.web.EndpointLinksResolver:58 - Exposing 2 endpoint(s) beneath base path '/actuator'
2026-03-12 09:08:35.541 [main] INFO  org.apache.coyote.http11.Http11NioProtocol:173 - Starting ProtocolHandler ["http-nio-9998"]
2026-03-12 09:08:35.578 [main] INFO  o.s.boot.web.embedded.tomcat.TomcatWebServer:220 - Tomcat started on port(s): 9998 (http) with context path '/jeecg-boot'
2026-03-12 09:08:36.277 [main] INFO  o.s.scheduling.quartz.SchedulerFactoryBean:729 - Starting Quartz Scheduler now
2026-03-12 09:08:36.300 [main] INFO  o.s.scheduling.quartz.LocalDataSourceJobStore:866 - Freed 0 triggers from 'acquired' / 'blocked' state.
2026-03-12 09:08:36.302 [main] INFO  o.s.scheduling.quartz.LocalDataSourceJobStore:876 - Recovering 0 jobs that were in-progress at the time of the last shut-down.
2026-03-12 09:08:36.302 [main] INFO  o.s.scheduling.quartz.LocalDataSourceJobStore:889 - Recovery complete.
2026-03-12 09:08:36.303 [main] INFO  o.s.scheduling.quartz.LocalDataSourceJobStore:896 - Removed 0 'complete' triggers.
2026-03-12 09:08:36.303 [main] INFO  o.s.scheduling.quartz.LocalDataSourceJobStore:901 - Removed 0 stale fired job entries.
2026-03-12 09:08:36.304 [main] INFO  org.quartz.core.QuartzScheduler:547 - Scheduler quartzScheduler_$_NON_CLUSTERED started.
2026-03-12 09:08:36.319 [main] INFO  org.jeecg.JeecgSystemApplication:61 - Started JeecgSystemApplication in 12.456 seconds (JVM running for 14.257)
2026-03-12 09:08:36.331 [main] INFO  org.jeecg.config.init.CodeTemplateInitListener:30 -  Init Code Generate Template [ 检测如果是JAR启动环境，Copy模板到config目录 ] 
2026-03-12 09:08:36.368 [main] INFO  org.jeecg.JeecgSystemApplication:38 - 
----------------------------------------------------------
	Application Jeecg-Boot is running! Access URLs:
	Local: 		http://localhost:9998/jeecg-boot/
	External: 	http://127.0.0.1:9998/jeecg-boot/
	Swagger文档: 	http://127.0.0.1:9998/jeecg-boot/doc.html
----------------------------------------------------------
2026-03-12 09:08:36.594 [RMI TCP Connection(13)-127.0.0.1] INFO  o.a.c.c.C.[Tomcat].[localhost].[/jeecg-boot]:173 - Initializing Spring DispatcherServlet 'dispatcherServlet'
2026-03-12 09:08:36.594 [RMI TCP Connection(13)-127.0.0.1] INFO  org.springframework.web.servlet.DispatcherServlet:525 - Initializing Servlet 'dispatcherServlet'
2026-03-12 09:08:36.597 [RMI TCP Connection(13)-127.0.0.1] INFO  org.springframework.web.servlet.DispatcherServlet:547 - Completed initialization in 2 ms
2026-03-12 09:11:35.595 [http-nio-9998-exec-6] INFO  o.j.c.modules.redis.writer.JeecgRedisCacheWriter:113 - redis remove key:sys:cache:encrypt:user::admin
2026-03-12 09:11:35.852 [http-nio-9998-exec-8] INFO  o.j.c.desensitization.aspect.SensitiveDataAspect:76 - 加密操作，Aspect程序耗时：6ms
2026-03-12 16:45:21.679 [SpringApplicationShutdownHook] INFO  org.quartz.core.QuartzScheduler:585 - Scheduler quartzScheduler_$_NON_CLUSTERED paused.
2026-03-12 16:45:21.893 [SpringApplicationShutdownHook] INFO  o.s.scheduling.quartz.SchedulerFactoryBean:847 - Shutting down Quartz Scheduler
2026-03-12 16:45:21.893 [SpringApplicationShutdownHook] INFO  org.quartz.core.QuartzScheduler:666 - Scheduler quartzScheduler_$_NON_CLUSTERED shutting down.
2026-03-12 16:45:21.893 [SpringApplicationShutdownHook] INFO  org.quartz.core.QuartzScheduler:585 - Scheduler quartzScheduler_$_NON_CLUSTERED paused.
2026-03-12 16:45:21.894 [SpringApplicationShutdownHook] INFO  org.quartz.core.QuartzScheduler:740 - Scheduler quartzScheduler_$_NON_CLUSTERED shutdown complete.
2026-03-12 16:45:21.900 [SpringApplicationShutdownHook] INFO  com.alibaba.druid.pool.DruidDataSource:2029 - {dataSource-1} closing ...
2026-03-12 16:45:21.904 [SpringApplicationShutdownHook] INFO  com.alibaba.druid.pool.DruidDataSource:2101 - {dataSource-1} closed
